2024-07-04 22:57:59,265 - INFO - Fetching subcategories from https://www.piscine-market.com/robots-piscine/159/cg
2024-07-04 22:58:08,316 - INFO - Found subcategory: Pièces POLARIS 280 with image URL: https://www.piscine-market.com/pieces-polaris-280/182/p/0/cg
2024-07-04 22:58:10,143 - INFO - Downloaded image: Pièces_POLARIS_280.gif from https://www.piscine-market.com/pieces-polaris-280/182/p/0/cg
2024-07-04 22:58:10,144 - INFO - Found subcategory: Pièces POLARIS 380 with image URL: https://www.piscine-market.com/pieces-polaris-380/183/p/0/cg
2024-07-04 22:58:11,220 - INFO - Downloaded image: Pièces_POLARIS_380.gif from https://www.piscine-market.com/pieces-polaris-380/183/p/0/cg
2024-07-04 22:58:11,221 - INFO - Found subcategory: Pièces ZODIAC VORTEX 3,4 et RV with image URL: https://www.piscine-market.com/pieces-zodiac-vortex-34-et-rv/357/p/0/cg
2024-07-04 22:58:12,245 - INFO - Downloaded image: Pièces_ZODIAC_VORTEX_34_et_RV.gif from https://www.piscine-market.com/pieces-zodiac-vortex-34-et-rv/357/p/0/cg
2024-07-04 22:58:12,246 - INFO - Found subcategory: Pièces ZODIAC MX8 MX9 with image URL: https://www.piscine-market.com/pieces-zodiac-mx8-mx9/413/p/0/cg
2024-07-04 22:58:16,340 - INFO - Downloaded image: Pièces_ZODIAC_MX8_MX9.gif from https://www.piscine-market.com/pieces-zodiac-mx8-mx9/413/p/0/cg
2024-07-04 22:58:16,341 - INFO - Found subcategory: Pièces ZODIAC RC4400 Cyclonx with image URL: https://www.piscine-market.com/pieces-zodiac-rc4400-cyclonx/437/p/0/cg
2024-07-04 22:58:17,364 - INFO - Downloaded image: Pièces_ZODIAC_RC4400_Cyclonx.gif from https://www.piscine-market.com/pieces-zodiac-rc4400-cyclonx/437/p/0/cg
2024-07-04 22:58:17,366 - INFO - Found subcategory: Pièces Zodiac Voyager RE 4300 with image URL: https://www.piscine-market.com/pieces-zodiac-voyager-re-4300/520/p/0/cg
2024-07-04 22:58:18,694 - INFO - Downloaded image: Pièces_Zodiac_Voyager_RE_4300.gif from https://www.piscine-market.com/pieces-zodiac-voyager-re-4300/520/p/0/cg
2024-07-04 22:58:18,696 - INFO - Found subcategory: Pièces ZODIAC VORTEX OV with image URL: https://www.piscine-market.com/pieces-zodiac-vortex-ov/423/p/0/cg
2024-07-04 22:58:19,718 - INFO - Downloaded image: Pièces_ZODIAC_VORTEX_OV.gif from https://www.piscine-market.com/pieces-zodiac-vortex-ov/423/p/0/cg
2024-07-04 22:58:19,718 - INFO - Found subcategory: Pièces HAYWARD TigerShark - AquaVac with image URL: https://www.piscine-market.com/pieces-hayward-tigershark-aquavac/345/p/0/cg
2024-07-04 22:58:20,682 - INFO - Downloaded image: Pièces_HAYWARD_TigerShark_-_AquaVac.gif from https://www.piscine-market.com/pieces-hayward-tigershark-aquavac/345/p/0/cg
2024-07-04 22:58:20,684 - INFO - Found subcategory: Pièces HAYWARD SharkVac - eVac with image URL: https://www.piscine-market.com/pieces-hayward-sharkvac-evac/452/p/0/cg
2024-07-04 22:58:21,419 - INFO - Downloaded image: Pièces_HAYWARD_SharkVac_-_eVac.gif from https://www.piscine-market.com/pieces-hayward-sharkvac-evac/452/p/0/cg
2024-07-04 22:58:21,420 - INFO - Found subcategory: Pièces ZODIAC MX6 with image URL: https://www.piscine-market.com/pieces-zodiac-mx6/453/p/0/cg
2024-07-04 22:58:23,918 - INFO - Downloaded image: Pièces_ZODIAC_MX6.gif from https://www.piscine-market.com/pieces-zodiac-mx6/453/p/0/cg
2024-07-04 22:58:23,919 - INFO - Found subcategory: Pièces POLARIS 3900 SPORT with image URL: https://www.piscine-market.com/pieces-polaris-3900-sport/250/p/0/cg
2024-07-04 22:58:24,940 - INFO - Downloaded image: Pièces_POLARIS_3900_SPORT.gif from https://www.piscine-market.com/pieces-polaris-3900-sport/250/p/0/cg
2024-07-04 22:58:24,941 - INFO - Found subcategory: Pièces POLARIS 180 with image URL: https://www.piscine-market.com/pieces-polaris-180/184/p/0/cg
2024-07-04 22:58:26,206 - INFO - Downloaded image: Pièces_POLARIS_180.gif from https://www.piscine-market.com/pieces-polaris-180/184/p/0/cg
2024-07-04 22:58:26,207 - INFO - Found subcategory: Pièces POLARIS Black Max with image URL: https://www.piscine-market.com/pieces-polaris-black-max/506/p/0/cg
2024-07-04 22:58:27,501 - INFO - Downloaded image: Pièces_POLARIS_Black_Max.gif from https://www.piscine-market.com/pieces-polaris-black-max/506/p/0/cg
2024-07-04 22:58:27,502 - INFO - Found subcategory: Pièces POLARIS 360 with image URL: https://www.piscine-market.com/pieces-polaris-360/186/p/0/cg
2024-07-04 22:58:28,490 - INFO - Downloaded image: Pièces_POLARIS_360.gif from https://www.piscine-market.com/pieces-polaris-360/186/p/0/cg
2024-07-04 22:58:28,492 - INFO - Found subcategory: Pièces ZODIAC RT2100 RT3200 Tornax with image URL: https://www.piscine-market.com/pieces-zodiac-rt2100-rt3200-tornax/494/p/0/cg
2024-07-04 22:58:31,392 - INFO - Downloaded image: Pièces_ZODIAC_RT2100_RT3200_Tornax.gif from https://www.piscine-market.com/pieces-zodiac-rt2100-rt3200-tornax/494/p/0/cg
2024-07-04 22:58:31,392 - INFO - Found subcategory: Pièces ZODIAC INDIGO with image URL: https://www.piscine-market.com/pieces-zodiac-indigo/409/p/0/cg
2024-07-04 22:58:32,418 - INFO - Downloaded image: Pièces_ZODIAC_INDIGO.gif from https://www.piscine-market.com/pieces-zodiac-indigo/409/p/0/cg
2024-07-04 22:58:32,419 - INFO - Found subcategory: Pièces ZODIAC VOYAGER 2X with image URL: https://www.piscine-market.com/pieces-zodiac-voyager-2x/243/p/0/cg
2024-07-04 22:58:33,455 - INFO - Downloaded image: Pièces_ZODIAC_VOYAGER_2X.gif from https://www.piscine-market.com/pieces-zodiac-voyager-2x/243/p/0/cg
2024-07-04 22:58:33,457 - INFO - Found subcategory: Pièces ZODIAC SWEEPY M3 with image URL: https://www.piscine-market.com/pieces-zodiac-sweepy-m3/249/p/0/cg
2024-07-04 22:58:34,523 - INFO - Downloaded image: Pièces_ZODIAC_SWEEPY_M3.gif from https://www.piscine-market.com/pieces-zodiac-sweepy-m3/249/p/0/cg
2024-07-04 22:58:34,524 - INFO - Found subcategory: Pièces ZODIAC CYBERNAUT NT with image URL: https://www.piscine-market.com/pieces-zodiac-cybernaut-nt/354/p/0/cg
2024-07-04 22:58:35,590 - INFO - Downloaded image: Pièces_ZODIAC_CYBERNAUT_NT.gif from https://www.piscine-market.com/pieces-zodiac-cybernaut-nt/354/p/0/cg
2024-07-04 22:58:35,590 - INFO - Found subcategory: Pièces ZODIAC CYBERNAUT with image URL: https://www.piscine-market.com/pieces-zodiac-cybernaut/247/p/0/cg
2024-07-04 22:58:36,616 - INFO - Downloaded image: Pièces_ZODIAC_CYBERNAUT.gif from https://www.piscine-market.com/pieces-zodiac-cybernaut/247/p/0/cg
2024-07-04 22:58:36,618 - INFO - Found subcategory: Pièces ZODIAC SWEEPY FREE with image URL: https://www.piscine-market.com/pieces-zodiac-sweepy-free/245/p/0/cg
2024-07-04 22:58:37,640 - INFO - Downloaded image: Pièces_ZODIAC_SWEEPY_FREE.gif from https://www.piscine-market.com/pieces-zodiac-sweepy-free/245/p/0/cg
2024-07-04 22:58:37,641 - INFO - Found subcategory: Pièces DOLPHIN 2001 with image URL: https://www.piscine-market.com/pieces-dolphin-2001/367/p/0/cg
2024-07-04 22:58:38,632 - INFO - Downloaded image: Pièces_DOLPHIN_2001.gif from https://www.piscine-market.com/pieces-dolphin-2001/367/p/0/cg
2024-07-04 22:58:38,633 - INFO - Found subcategory: Câbles Robots Dolphin with image URL: https://www.piscine-market.com/cables-robots-dolphin/527/p/0/cg
2024-07-04 22:58:39,893 - INFO - Downloaded image: Câbles_Robots_Dolphin.gif from https://www.piscine-market.com/cables-robots-dolphin/527/p/0/cg
2024-07-04 22:58:39,894 - INFO - Found subcategory: Pièces ZODIAC T5 DUO with image URL: https://www.piscine-market.com/pieces-zodiac-t5-duo/302/p/0/cg
2024-07-04 22:58:40,870 - INFO - Downloaded image: Pièces_ZODIAC_T5_DUO.gif from https://www.piscine-market.com/pieces-zodiac-t5-duo/302/p/0/cg
2024-07-04 22:58:40,871 - INFO - Found subcategory: Pièces ZODIAC T3 with image URL: https://www.piscine-market.com/pieces-zodiac-t3/462/p/0/cg
2024-07-04 22:58:42,144 - INFO - Downloaded image: Pièces_ZODIAC_T3.gif from https://www.piscine-market.com/pieces-zodiac-t3/462/p/0/cg
2024-07-04 22:58:42,145 - INFO - Found subcategory: Pièces BARACUDA G4 with image URL: https://www.piscine-market.com/pieces-baracuda-g4/194/p/0/cg
2024-07-04 22:58:43,169 - INFO - Downloaded image: Pièces_BARACUDA_G4.gif from https://www.piscine-market.com/pieces-baracuda-g4/194/p/0/cg
2024-07-04 22:58:43,171 - INFO - Found subcategory: Pièces BARACUDA Super G+ with image URL: https://www.piscine-market.com/pieces-baracuda-super-g-/193/p/0/cg
2024-07-04 22:58:46,891 - INFO - Downloaded image: Pièces_BARACUDA_Super_G.gif from https://www.piscine-market.com/pieces-baracuda-super-g-/193/p/0/cg
2024-07-04 22:58:46,894 - INFO - Found subcategory: Pièces ZODIAC X7 QUATTRO with image URL: https://www.piscine-market.com/pieces-zodiac-x7-quattro/304/p/0/cg
2024-07-04 22:58:48,094 - INFO - Downloaded image: Pièces_ZODIAC_X7_QUATTRO.gif from https://www.piscine-market.com/pieces-zodiac-x7-quattro/304/p/0/cg
2024-07-04 22:58:48,096 - INFO - Found subcategory: Pièces KONTIKI 2 with image URL: https://www.piscine-market.com/pieces-kontiki-2/463/p/0/cg
2024-07-04 22:58:49,178 - INFO - Downloaded image: Pièces_KONTIKI_2.gif from https://www.piscine-market.com/pieces-kontiki-2/463/p/0/cg
2024-07-04 22:58:49,180 - INFO - Found subcategory: Pièces ZODIAC PACER with image URL: https://www.piscine-market.com/pieces-zodiac-pacer/303/p/0/cg
2024-07-04 22:58:50,003 - INFO - Downloaded image: Pièces_ZODIAC_PACER.gif from https://www.piscine-market.com/pieces-zodiac-pacer/303/p/0/cg
2024-07-04 22:58:50,005 - INFO - Found subcategory: Pièces HAYWARD Pool Vac Ultra with image URL: https://www.piscine-market.com/pieces-hayward-pool-vac-ultra/163/p/0/cg
2024-07-04 22:58:51,055 - INFO - Downloaded image: Pièces_HAYWARD_Pool_Vac_Ultra.gif from https://www.piscine-market.com/pieces-hayward-pool-vac-ultra/163/p/0/cg
2024-07-04 22:58:51,056 - INFO - Found subcategory: Pièces ZODIAC VORTEX 1 with image URL: https://www.piscine-market.com/pieces-zodiac-vortex-1/253/p/0/cg
2024-07-04 22:58:51,773 - INFO - Downloaded image: Pièces_ZODIAC_VORTEX_1.gif from https://www.piscine-market.com/pieces-zodiac-vortex-1/253/p/0/cg
2024-07-04 22:58:51,774 - INFO - Found subcategory: Pièces ZODIAC Lazernaut with image URL: https://www.piscine-market.com/pieces-zodiac-lazernaut/438/p/0/cg
2024-07-04 22:58:52,591 - INFO - Downloaded image: Pièces_ZODIAC_Lazernaut.gif from https://www.piscine-market.com/pieces-zodiac-lazernaut/438/p/0/cg
2024-07-04 22:58:52,592 - INFO - Found subcategory: Pièces DOLPHIN Supreme M4 with image URL: https://www.piscine-market.com/pieces-dolphin-supreme-m4/433/p/0/cg
2024-07-04 22:58:53,615 - INFO - Downloaded image: Pièces_DOLPHIN_Supreme_M4.gif from https://www.piscine-market.com/pieces-dolphin-supreme-m4/433/p/0/cg
2024-07-04 22:58:53,616 - INFO - Found subcategory: Pièces POLARIS 480 PRO with image URL: https://www.piscine-market.com/pieces-polaris-480-pro/187/p/0/cg
2024-07-04 22:58:54,637 - INFO - Downloaded image: Pièces_POLARIS_480_PRO.gif from https://www.piscine-market.com/pieces-polaris-480-pro/187/p/0/cg
2024-07-04 22:58:54,637 - INFO - Found subcategory: Pièces POLARIS ATV with image URL: https://www.piscine-market.com/pieces-polaris-atv/185/p/0/cg
2024-07-04 22:58:55,663 - INFO - Downloaded image: Pièces_POLARIS_ATV.gif from https://www.piscine-market.com/pieces-polaris-atv/185/p/0/cg
2024-07-04 22:58:55,664 - INFO - Found subcategory: Pèces Magic Clean - Scuba - Whaly with image URL: https://www.piscine-market.com/peces-magic-clean-scuba-whaly/464/p/0/cg
2024-07-04 22:58:57,095 - INFO - Downloaded image: Pèces_Magic_Clean_-_Scuba_-_Whaly.gif from https://www.piscine-market.com/peces-magic-clean-scuba-whaly/464/p/0/cg
2024-07-04 22:58:57,096 - INFO - Found subcategory: Pièces TYPHOON with image URL: https://www.piscine-market.com/pieces-typhoon/466/p/0/cg
2024-07-04 22:59:00,580 - INFO - Downloaded image: Pièces_TYPHOON.gif from https://www.piscine-market.com/pieces-typhoon/466/p/0/cg
2024-07-04 22:59:00,582 - INFO - Found subcategory: Pièces robots diverses with image URL: https://www.piscine-market.com/pieces-robots-diverses/422/p/0/cg
2024-07-04 22:59:01,600 - INFO - Downloaded image: Pièces_robots_diverses.gif from https://www.piscine-market.com/pieces-robots-diverses/422/p/0/cg
2024-07-04 22:59:01,601 - INFO - Fetching details for subcategory: Pièces POLARIS 280 from https://www.piscine-market.com/pieces-polaris-280/182/cg
2024-07-04 22:59:18,196 - INFO - Downloaded image: thumbnail_Pièces_POLARIS_280.jpg from http://www.piscine-market.com/images/schemas/robot_polaris_280.jpg
2024-07-04 22:59:18,197 - INFO - Found thumbnail for subcategory: Pièces POLARIS 280 with URL: http://www.piscine-market.com/images/schemas/robot_polaris_280.jpg
2024-07-04 22:59:18,222 - INFO - Found 68 products for subcategory: Pièces POLARIS 280
2024-07-04 22:59:18,222 - INFO - Fetching product details from https://www.piscine-market.com/sac-standard-a-fermeture-eclair-polaris-280/971/pr
2024-07-04 22:59:24,847 - INFO - Downloaded image: Sac_standard_à_fermeture_éclair_POLARIS_280.jpg from https://www.piscine-market.com/data/produits/971/photos/z0.jpg
2024-07-04 22:59:24,848 - INFO - Product details - Name: Sac standard à fermeture éclair POLARIS 280, Part Number: K-13, Price: 30,90, Description: Sac standard à fermeture éclair pour robot Polaris 280. C'est le sac pour les débris que l'on trouve classiquement dans les piscines: herbes, graviers, insectes... Pour robot Polaris 280. Code POLARIS: K13
2024-07-04 22:59:24,849 - INFO - Fetching product details from https://www.piscine-market.com/sac-ultra-fin-polaris-280-(piece-speciale)/700/pr
